This file contains any messages produced by compilers while
running configure, to aid debugging if configure makes a mistake.

It was created by NDT configure 3.0.13, which was
generated by GNU Autoconf 2.58.  Invocation command line was

  $ ./configure --no-create --no-recursion

## --------- ##
## Platform. ##
## --------- ##

hostname = home-ndt
uname -m = i686
uname -r = 2.4.26-web100
uname -s = Linux
uname -v = #2 Thu May 20 17:33:05 CDT 2004

/usr/bin/uname -p = unknown
/bin/uname -X     = unknown

/bin/arch              = i686
/usr/bin/arch -k       = unknown
/usr/convex/getsysinfo = unknown
hostinfo               = unknown
/bin/machine           = unknown
/usr/bin/oslevel       = unknown
/bin/universe          = unknown

PATH: /usr/local/bin
PATH: /bin
PATH: /usr/bin
PATH: /usr/X11R6/bin
PATH: /home/rcarlson/bin
PATH: /home/rcarlson/j2sdk1.4.2/bin


## ----------- ##
## Core tests. ##
## ----------- ##

configure:1356: checking for a BSD-compatible install
configure:1411: result: /usr/bin/install -c
configure:1422: checking whether build environment is sane
configure:1465: result: yes
configure:1498: checking for gawk
configure:1514: found /bin/gawk
configure:1524: result: gawk
configure:1534: checking whether make sets $(MAKE)
configure:1554: result: yes
configure:1873: checking for gcc
configure:1889: found /usr/bin/gcc
configure:1899: result: gcc
configure:2143: checking for C compiler version
configure:2146: gcc --version </dev/null >&5
gcc (GCC) 3.2.2 20030222 (Red Hat Linux 3.2.2-5)
Copyright (C) 2002 Free Software Foundation, Inc.
This is free software; see the source for copying conditions.  There is NO
warranty; not even for MERCHANTABILITY or FITNESS FOR A PARTICULAR PURPOSE.

configure:2149: $? = 0
configure:2151: gcc -v </dev/null >&5
Reading specs from /usr/lib/gcc-lib/i386-redhat-linux/3.2.2/specs
Configured with: ../configure --prefix=/usr --mandir=/usr/share/man --infodir=/usr/share/info --enable-shared --enable-threads=posix --disable-checking --with-system-zlib --enable-__cxa_atexit --host=i386-redhat-linux
Thread model: posix
gcc version 3.2.2 20030222 (Red Hat Linux 3.2.2-5)
configure:2154: $? = 0
configure:2156: gcc -V </dev/null >&5
gcc: argument to `-V' is missing
configure:2159: $? = 1
configure:2182: checking for C compiler default output file name
configure:2185: gcc    conftest.c  >&5
configure:2188: $? = 0
configure:2234: result: a.out
configure:2239: checking whether the C compiler works
configure:2245: ./a.out
configure:2248: $? = 0
configure:2265: result: yes
configure:2272: checking whether we are cross compiling
configure:2274: result: no
configure:2277: checking for suffix of executables
configure:2279: gcc -o conftest    conftest.c  >&5
configure:2282: $? = 0
configure:2307: result: 
configure:2313: checking for suffix of object files
configure:2334: gcc -c   conftest.c >&5
configure:2337: $? = 0
configure:2359: result: o
configure:2363: checking whether we are using the GNU C compiler
configure:2387: gcc -c   conftest.c >&5
configure:2393: $? = 0
configure:2397: test -z 
			 || test ! -s conftest.err
configure:2400: $? = 0
configure:2403: test -s conftest.o
configure:2406: $? = 0
configure:2419: result: yes
configure:2425: checking whether gcc accepts -g
configure:2446: gcc -c -g  conftest.c >&5
configure:2452: $? = 0
configure:2456: test -z 
			 || test ! -s conftest.err
configure:2459: $? = 0
configure:2462: test -s conftest.o
configure:2465: $? = 0
configure:2476: result: yes
configure:2493: checking for gcc option to accept ANSI C
configure:2563: gcc  -c -g -O2  conftest.c >&5
configure:2569: $? = 0
configure:2573: test -z 
			 || test ! -s conftest.err
configure:2576: $? = 0
configure:2579: test -s conftest.o
configure:2582: $? = 0
configure:2600: result: none needed
configure:2618: gcc -c -g -O2  conftest.c >&5
conftest.c:2: parse error before "me"
configure:2624: $? = 1
configure: failed program was:
| #ifndef __cplusplus
|   choke me
| #endif
configure:2768: checking for style of include used by make
configure:2796: result: GNU
configure:2824: checking dependency style of gcc
configure:2907: result: gcc3
configure:2929: checking for gcj
configure:2955: result: javac
configure:2976: checking dependency style of javac
configure:3059: result: none
configure:3087: checking how to run the C preprocessor
configure:3122: gcc -E  conftest.c
configure:3128: $? = 0
configure:3160: gcc -E  conftest.c
conftest.c:11:28: ac_nonexistent.h: No such file or directory
configure:3166: $? = 1
configure: failed program was:
| /* confdefs.h.  */
| 
| #define PACKAGE_NAME "NDT"
| #define PACKAGE_TARNAME "ndt"
| #define PACKAGE_VERSION "3.0.13"
| #define PACKAGE_STRING "NDT 3.0.13"
| #define PACKAGE_BUGREPORT "rcarlson@interent2.edu"
| #define PACKAGE "ndt"
| #define VERSION "3.0.13"
| /* end confdefs.h.  */
| #include <ac_nonexistent.h>
configure:3205: result: gcc -E
configure:3229: gcc -E  conftest.c
configure:3235: $? = 0
configure:3267: gcc -E  conftest.c
conftest.c:11:28: ac_nonexistent.h: No such file or directory
configure:3273: $? = 1
configure: failed program was:
| /* confdefs.h.  */
| 
| #define PACKAGE_NAME "NDT"
| #define PACKAGE_TARNAME "ndt"
| #define PACKAGE_VERSION "3.0.13"
| #define PACKAGE_STRING "NDT 3.0.13"
| #define PACKAGE_BUGREPORT "rcarlson@interent2.edu"
| #define PACKAGE "ndt"
| #define VERSION "3.0.13"
| /* end confdefs.h.  */
| #include <ac_nonexistent.h>
configure:3317: checking for egrep
configure:3327: result: grep -E
configure:3332: checking for ANSI C header files
configure:3357: gcc -c -g -O2  conftest.c >&5
configure:3363: $? = 0
configure:3367: test -z 
			 || test ! -s conftest.err
configure:3370: $? = 0
configure:3373: test -s conftest.o
configure:3376: $? = 0
configure:3462: gcc -o conftest -g -O2   conftest.c  >&5
configure:3465: $? = 0
configure:3467: ./conftest
configure:3470: $? = 0
configure:3485: result: yes
configure:3495: checking for sys/wait.h that is POSIX.1 compatible
configure:3526: gcc -c -g -O2  conftest.c >&5
configure:3532: $? = 0
configure:3536: test -z 
			 || test ! -s conftest.err
configure:3539: $? = 0
configure:3542: test -s conftest.o
configure:3545: $? = 0
configure:3556: result: yes
configure:3580: checking for sys/types.h
configure:3596: gcc -c -g -O2  conftest.c >&5
configure:3602: $? = 0
configure:3606: test -z 
			 || test ! -s conftest.err
configure:3609: $? = 0
configure:3612: test -s conftest.o
configure:3615: $? = 0
configure:3626: result: yes
configure:3580: checking for sys/stat.h
configure:3596: gcc -c -g -O2  conftest.c >&5
configure:3602: $? = 0
configure:3606: test -z 
			 || test ! -s conftest.err
configure:3609: $? = 0
configure:3612: test -s conftest.o
configure:3615: $? = 0
configure:3626: result: yes
configure:3580: checking for stdlib.h
configure:3596: gcc -c -g -O2  conftest.c >&5
configure:3602: $? = 0
configure:3606: test -z 
			 || test ! -s conftest.err
configure:3609: $? = 0
configure:3612: test -s conftest.o
configure:3615: $? = 0
configure:3626: result: yes
configure:3580: checking for string.h
configure:3596: gcc -c -g -O2  conftest.c >&5
configure:3602: $? = 0
configure:3606: test -z 
			 || test ! -s conftest.err
configure:3609: $? = 0
configure:3612: test -s conftest.o
configure:3615: $? = 0
configure:3626: result: yes
configure:3580: checking for memory.h
configure:3596: gcc -c -g -O2  conftest.c >&5
configure:3602: $? = 0
configure:3606: test -z 
			 || test ! -s conftest.err
configure:3609: $? = 0
configure:3612: test -s conftest.o
configure:3615: $? = 0
configure:3626: result: yes
configure:3580: checking for strings.h
configure:3596: gcc -c -g -O2  conftest.c >&5
configure:3602: $? = 0
configure:3606: test -z 
			 || test ! -s conftest.err
configure:3609: $? = 0
configure:3612: test -s conftest.o
configure:3615: $? = 0
configure:3626: result: yes
configure:3580: checking for inttypes.h
configure:3596: gcc -c -g -O2  conftest.c >&5
configure:3602: $? = 0
configure:3606: test -z 
			 || test ! -s conftest.err
configure:3609: $? = 0
configure:3612: test -s conftest.o
configure:3615: $? = 0
configure:3626: result: yes
configure:3580: checking for stdint.h
configure:3596: gcc -c -g -O2  conftest.c >&5
configure:3602: $? = 0
configure:3606: test -z 
			 || test ! -s conftest.err
configure:3609: $? = 0
configure:3612: test -s conftest.o
configure:3615: $? = 0
configure:3626: result: yes
configure:3580: checking for unistd.h
configure:3596: gcc -c -g -O2  conftest.c >&5
configure:3602: $? = 0
configure:3606: test -z 
			 || test ! -s conftest.err
configure:3609: $? = 0
configure:3612: test -s conftest.o
configure:3615: $? = 0
configure:3626: result: yes
configure:3660: checking arpa/inet.h usability
configure:3672: gcc -c -g -O2  conftest.c >&5
configure:3678: $? = 0
configure:3682: test -z 
			 || test ! -s conftest.err
configure:3685: $? = 0
configure:3688: test -s conftest.o
configure:3691: $? = 0
configure:3701: result: yes
configure:3705: checking arpa/inet.h presence
configure:3715: gcc -E  conftest.c
configure:3721: $? = 0
configure:3741: result: yes
configure:3776: checking for arpa/inet.h
configure:3783: result: yes
configure:3660: checking fcntl.h usability
configure:3672: gcc -c -g -O2  conftest.c >&5
configure:3678: $? = 0
configure:3682: test -z 
			 || test ! -s conftest.err
configure:3685: $? = 0
configure:3688: test -s conftest.o
configure:3691: $? = 0
configure:3701: result: yes
configure:3705: checking fcntl.h presence
configure:3715: gcc -E  conftest.c
configure:3721: $? = 0
configure:3741: result: yes
configure:3776: checking for fcntl.h
configure:3783: result: yes
configure:3660: checking netdb.h usability
configure:3672: gcc -c -g -O2  conftest.c >&5
configure:3678: $? = 0
configure:3682: test -z 
			 || test ! -s conftest.err
configure:3685: $? = 0
configure:3688: test -s conftest.o
configure:3691: $? = 0
configure:3701: result: yes
configure:3705: checking netdb.h presence
configure:3715: gcc -E  conftest.c
configure:3721: $? = 0
configure:3741: result: yes
configure:3776: checking for netdb.h
configure:3783: result: yes
configure:3660: checking netinet/in.h usability
configure:3672: gcc -c -g -O2  conftest.c >&5
configure:3678: $? = 0
configure:3682: test -z 
			 || test ! -s conftest.err
configure:3685: $? = 0
configure:3688: test -s conftest.o
configure:3691: $? = 0
configure:3701: result: yes
configure:3705: checking netinet/in.h presence
configure:3715: gcc -E  conftest.c
configure:3721: $? = 0
configure:3741: result: yes
configure:3776: checking for netinet/in.h
configure:3783: result: yes
configure:3651: checking for stdlib.h
configure:3656: result: yes
configure:3651: checking for string.h
configure:3656: result: yes
configure:3660: checking sys/socket.h usability
configure:3672: gcc -c -g -O2  conftest.c >&5
configure:3678: $? = 0
configure:3682: test -z 
			 || test ! -s conftest.err
configure:3685: $? = 0
configure:3688: test -s conftest.o
configure:3691: $? = 0
configure:3701: result: yes
configure:3705: checking sys/socket.h presence
configure:3715: gcc -E  conftest.c
configure:3721: $? = 0
configure:3741: result: yes
configure:3776: checking for sys/socket.h
configure:3783: result: yes
configure:3660: checking sys/time.h usability
configure:3672: gcc -c -g -O2  conftest.c >&5
configure:3678: $? = 0
configure:3682: test -z 
			 || test ! -s conftest.err
configure:3685: $? = 0
configure:3688: test -s conftest.o
configure:3691: $? = 0
configure:3701: result: yes
configure:3705: checking sys/time.h presence
configure:3715: gcc -E  conftest.c
configure:3721: $? = 0
configure:3741: result: yes
configure:3776: checking for sys/time.h
configure:3783: result: yes
configure:3651: checking for unistd.h
configure:3656: result: yes
configure:3798: checking for an ANSI C-conforming const
configure:3865: gcc -c -g -O2  conftest.c >&5
configure:3871: $? = 0
configure:3875: test -z 
			 || test ! -s conftest.err
configure:3878: $? = 0
configure:3881: test -s conftest.o
configure:3884: $? = 0
configure:3895: result: yes
configure:3905: checking whether time.h and sys/time.h may both be included
configure:3930: gcc -c -g -O2  conftest.c >&5
configure:3936: $? = 0
configure:3940: test -z 
			 || test ! -s conftest.err
configure:3943: $? = 0
configure:3946: test -s conftest.o
configure:3949: $? = 0
configure:3960: result: yes
configure:3972: checking for error_at_line
configure:3993: gcc -o conftest -g -O2   conftest.c  >&5
configure:3999: $? = 0
configure:4003: test -z 
			 || test ! -s conftest.err
configure:4006: $? = 0
configure:4009: test -s conftest
configure:4012: $? = 0
configure:4024: result: yes
configure:4037: checking for pid_t
configure:4061: gcc -c -g -O2  conftest.c >&5
configure:4067: $? = 0
configure:4071: test -z 
			 || test ! -s conftest.err
configure:4074: $? = 0
configure:4077: test -s conftest.o
configure:4080: $? = 0
configure:4091: result: yes
configure:4109: checking for unistd.h
configure:4114: result: yes
configure:4118: checking vfork.h usability
configure:4130: gcc -c -g -O2  conftest.c >&5
conftest.c:67:19: vfork.h: No such file or directory
configure:4136: $? = 1
configure: failed program was:
| /* confdefs.h.  */
| 
| #define PACKAGE_NAME "NDT"
| #define PACKAGE_TARNAME "ndt"
| #define PACKAGE_VERSION "3.0.13"
| #define PACKAGE_STRING "NDT 3.0.13"
| #define PACKAGE_BUGREPORT "rcarlson@interent2.edu"
| #define PACKAGE "ndt"
| #define VERSION "3.0.13"
| #define STDC_HEADERS 1
| #define HAVE_SYS_WAIT_H 1
| #define HAVE_SYS_TYPES_H 1
| #define HAVE_SYS_STAT_H 1
| #define HAVE_STDLIB_H 1
| #define HAVE_STRING_H 1
| #define HAVE_MEMORY_H 1
| #define HAVE_STRINGS_H 1
| #define HAVE_INTTYPES_H 1
| #define HAVE_STDINT_H 1
| #define HAVE_UNISTD_H 1
| #define HAVE_ARPA_INET_H 1
| #define HAVE_FCNTL_H 1
| #define HAVE_NETDB_H 1
| #define HAVE_NETINET_IN_H 1
| #define HAVE_STDLIB_H 1
| #define HAVE_STRING_H 1
| #define HAVE_SYS_SOCKET_H 1
| #define HAVE_SYS_TIME_H 1
| #define HAVE_UNISTD_H 1
| #define TIME_WITH_SYS_TIME 1
| #define HAVE_UNISTD_H 1
| /* end confdefs.h.  */
| #include <stdio.h>
| #if HAVE_SYS_TYPES_H
| # include <sys/types.h>
| #endif
| #if HAVE_SYS_STAT_H
| # include <sys/stat.h>
| #endif
| #if STDC_HEADERS
| # include <stdlib.h>
| # include <stddef.h>
| #else
| # if HAVE_STDLIB_H
| #  include <stdlib.h>
| # endif
| #endif
| #if HAVE_STRING_H
| # if !STDC_HEADERS && HAVE_MEMORY_H
| #  include <memory.h>
| # endif
| # include <string.h>
| #endif
| #if HAVE_STRINGS_H
| # include <strings.h>
| #endif
| #if HAVE_INTTYPES_H
| # include <inttypes.h>
| #else
| # if HAVE_STDINT_H
| #  include <stdint.h>
| # endif
| #endif
| #if HAVE_UNISTD_H
| # include <unistd.h>
| #endif
| #include <vfork.h>
configure:4159: result: no
configure:4163: checking vfork.h presence
configure:4173: gcc -E  conftest.c
conftest.c:33:19: vfork.h: No such file or directory
configure:4179: $? = 1
configure: failed program was:
| /* confdefs.h.  */
| 
| #define PACKAGE_NAME "NDT"
| #define PACKAGE_TARNAME "ndt"
| #define PACKAGE_VERSION "3.0.13"
| #define PACKAGE_STRING "NDT 3.0.13"
| #define PACKAGE_BUGREPORT "rcarlson@interent2.edu"
| #define PACKAGE "ndt"
| #define VERSION "3.0.13"
| #define STDC_HEADERS 1
| #define HAVE_SYS_WAIT_H 1
| #define HAVE_SYS_TYPES_H 1
| #define HAVE_SYS_STAT_H 1
| #define HAVE_STDLIB_H 1
| #define HAVE_STRING_H 1
| #define HAVE_MEMORY_H 1
| #define HAVE_STRINGS_H 1
| #define HAVE_INTTYPES_H 1
| #define HAVE_STDINT_H 1
| #define HAVE_UNISTD_H 1
| #define HAVE_ARPA_INET_H 1
| #define HAVE_FCNTL_H 1
| #define HAVE_NETDB_H 1
| #define HAVE_NETINET_IN_H 1
| #define HAVE_STDLIB_H 1
| #define HAVE_STRING_H 1
| #define HAVE_SYS_SOCKET_H 1
| #define HAVE_SYS_TIME_H 1
| #define HAVE_UNISTD_H 1
| #define TIME_WITH_SYS_TIME 1
| #define HAVE_UNISTD_H 1
| /* end confdefs.h.  */
| #include <vfork.h>
configure:4199: result: no
configure:4234: checking for vfork.h
configure:4241: result: no
configure:4259: checking for fork
configure:4316: gcc -o conftest -g -O2   conftest.c  >&5
configure:4322: $? = 0
configure:4326: test -z 
			 || test ! -s conftest.err
configure:4329: $? = 0
configure:4332: test -s conftest
configure:4335: $? = 0
configure:4347: result: yes
configure:4259: checking for vfork
configure:4316: gcc -o conftest -g -O2   conftest.c  >&5
configure:4322: $? = 0
configure:4326: test -z 
			 || test ! -s conftest.err
configure:4329: $? = 0
configure:4332: test -s conftest
configure:4335: $? = 0
configure:4347: result: yes
configure:4358: checking for working fork
configure:4381: gcc -o conftest -g -O2   conftest.c  >&5
configure:4384: $? = 0
configure:4386: ./conftest
configure:4389: $? = 0
configure:4403: result: yes
configure:4424: checking for working vfork
configure:4557: result: yes
configure:4593: checking for stdlib.h
configure:4598: result: yes
configure:4738: checking for GNU libc compatible malloc
configure:4767: gcc -o conftest -g -O2   conftest.c  >&5
configure:4770: $? = 0
configure:4772: ./conftest
configure:4775: $? = 0
configure:4789: result: yes
configure:4834: checking sys/select.h usability
configure:4846: gcc -c -g -O2  conftest.c >&5
configure:4852: $? = 0
configure:4856: test -z 
			 || test ! -s conftest.err
configure:4859: $? = 0
configure:4862: test -s conftest.o
configure:4865: $? = 0
configure:4875: result: yes
configure:4879: checking sys/select.h presence
configure:4889: gcc -E  conftest.c
configure:4895: $? = 0
configure:4915: result: yes
configure:4950: checking for sys/select.h
configure:4957: result: yes
configure:4825: checking for sys/socket.h
configure:4830: result: yes
configure:4970: checking types of arguments for select
configure:5003: gcc -c -g -O2  conftest.c >&5
configure:5009: $? = 0
configure:5013: test -z 
			 || test ! -s conftest.err
configure:5016: $? = 0
configure:5019: test -s conftest.o
configure:5022: $? = 0
configure:5038: result: int,fd_set *,struct timeval *
configure:5061: checking return type of signal handlers
configure:5092: gcc -c -g -O2  conftest.c >&5
configure:5098: $? = 0
configure:5102: test -z 
			 || test ! -s conftest.err
configure:5105: $? = 0
configure:5108: test -s conftest.o
configure:5111: $? = 0
configure:5122: result: void
configure:5130: checking for wait3 that fills in rusage
configure:5181: gcc -o conftest -g -O2   conftest.c  >&5
configure:5184: $? = 0
configure:5186: ./conftest
configure:5189: $? = 0
configure:5203: result: yes
configure:5227: checking for alarm
configure:5284: gcc -o conftest -g -O2   conftest.c  >&5
configure:5290: $? = 0
configure:5294: test -z 
			 || test ! -s conftest.err
configure:5297: $? = 0
configure:5300: test -s conftest
configure:5303: $? = 0
configure:5315: result: yes
configure:5227: checking for bzero
configure:5284: gcc -o conftest -g -O2   conftest.c  >&5
conftest.c:71: warning: conflicting types for built-in function `bzero'
configure:5290: $? = 0
configure:5294: test -z 
			 || test ! -s conftest.err
configure:5297: $? = 0
configure:5300: test -s conftest
configure:5303: $? = 0
configure:5315: result: yes
configure:5227: checking for gethostbyaddr
configure:5284: gcc -o conftest -g -O2   conftest.c  >&5
configure:5290: $? = 0
configure:5294: test -z 
			 || test ! -s conftest.err
configure:5297: $? = 0
configure:5300: test -s conftest
configure:5303: $? = 0
configure:5315: result: yes
configure:5227: checking for gettimeofday
configure:5284: gcc -o conftest -g -O2   conftest.c  >&5
configure:5290: $? = 0
configure:5294: test -z 
			 || test ! -s conftest.err
configure:5297: $? = 0
configure:5300: test -s conftest
configure:5303: $? = 0
configure:5315: result: yes
configure:5227: checking for inet_ntoa
configure:5284: gcc -o conftest -g -O2   conftest.c  >&5
configure:5290: $? = 0
configure:5294: test -z 
			 || test ! -s conftest.err
configure:5297: $? = 0
configure:5300: test -s conftest
configure:5303: $? = 0
configure:5315: result: yes
configure:5227: checking for memset
configure:5284: gcc -o conftest -g -O2   conftest.c  >&5
conftest.c:75: warning: conflicting types for built-in function `memset'
configure:5290: $? = 0
configure:5294: test -z 
			 || test ! -s conftest.err
configure:5297: $? = 0
configure:5300: test -s conftest
configure:5303: $? = 0
configure:5315: result: yes
configure:5227: checking for select
configure:5284: gcc -o conftest -g -O2   conftest.c  >&5
configure:5290: $? = 0
configure:5294: test -z 
			 || test ! -s conftest.err
configure:5297: $? = 0
configure:5300: test -s conftest
configure:5303: $? = 0
configure:5315: result: yes
configure:5227: checking for socket
configure:5284: gcc -o conftest -g -O2   conftest.c  >&5
configure:5290: $? = 0
configure:5294: test -z 
			 || test ! -s conftest.err
configure:5297: $? = 0
configure:5300: test -s conftest
configure:5303: $? = 0
configure:5315: result: yes
configure:5227: checking for sqrt
configure:5284: gcc -o conftest -g -O2   conftest.c  >&5
conftest.c:78: warning: conflicting types for built-in function `sqrt'
/tmp/cci9plVi.o(.text+0x11): In function `main':
/home/rcarlson/ndt/conftest.c:94: undefined reference to `sqrt'
/tmp/cci9plVi.o(.data+0x0):/home/rcarlson/ndt/conftest.c:93: undefined reference to `sqrt'
collect2: ld returned 1 exit status
configure:5290: $? = 1
configure: failed program was:
| /* confdefs.h.  */
| 
| #define PACKAGE_NAME "NDT"
| #define PACKAGE_TARNAME "ndt"
| #define PACKAGE_VERSION "3.0.13"
| #define PACKAGE_STRING "NDT 3.0.13"
| #define PACKAGE_BUGREPORT "rcarlson@interent2.edu"
| #define PACKAGE "ndt"
| #define VERSION "3.0.13"
| #define STDC_HEADERS 1
| #define HAVE_SYS_WAIT_H 1
| #define HAVE_SYS_TYPES_H 1
| #define HAVE_SYS_STAT_H 1
| #define HAVE_STDLIB_H 1
| #define HAVE_STRING_H 1
| #define HAVE_MEMORY_H 1
| #define HAVE_STRINGS_H 1
| #define HAVE_INTTYPES_H 1
| #define HAVE_STDINT_H 1
| #define HAVE_UNISTD_H 1
| #define HAVE_ARPA_INET_H 1
| #define HAVE_FCNTL_H 1
| #define HAVE_NETDB_H 1
| #define HAVE_NETINET_IN_H 1
| #define HAVE_STDLIB_H 1
| #define HAVE_STRING_H 1
| #define HAVE_SYS_SOCKET_H 1
| #define HAVE_SYS_TIME_H 1
| #define HAVE_UNISTD_H 1
| #define TIME_WITH_SYS_TIME 1
| #define HAVE_UNISTD_H 1
| #define HAVE_FORK 1
| #define HAVE_VFORK 1
| #define HAVE_WORKING_VFORK 1
| #define HAVE_WORKING_FORK 1
| #define HAVE_STDLIB_H 1
| #define HAVE_MALLOC 1
| #define HAVE_SYS_SELECT_H 1
| #define HAVE_SYS_SOCKET_H 1
| #define SELECT_TYPE_ARG1 int
| #define SELECT_TYPE_ARG234 (fd_set *)
| #define SELECT_TYPE_ARG5 (struct timeval *)
| #define RETSIGTYPE void
| #define HAVE_WAIT3 1
| #define HAVE_ALARM 1
| #define HAVE_BZERO 1
| #define HAVE_GETHOSTBYADDR 1
| #define HAVE_GETTIMEOFDAY 1
| #define HAVE_INET_NTOA 1
| #define HAVE_MEMSET 1
| #define HAVE_SELECT 1
| #define HAVE_SOCKET 1
| /* end confdefs.h.  */
| /* Define sqrt to an innocuous variant, in case <limits.h> declares sqrt.
|    For example, HP-UX 11i <limits.h> declares gettimeofday.  */
| #define sqrt innocuous_sqrt
| 
| /* System header to define __stub macros and hopefully few prototypes,
|     which can conflict with char sqrt (); below.
|     Prefer <limits.h> to <assert.h> if __STDC__ is defined, since
|     <limits.h> exists even on freestanding compilers.  */
| 
| #ifdef __STDC__
| # include <limits.h>
| #else
| # include <assert.h>
| #endif
| 
| #undef sqrt
| 
| /* Override any gcc2 internal prototype to avoid an error.  */
| #ifdef __cplusplus
| extern "C"
| {
| #endif
| /* We use char because int might match the return type of a gcc2
|    builtin and then its argument prototype would still apply.  */
| char sqrt ();
| /* The GNU C library defines this for functions which it implements
|     to always fail with ENOSYS.  Some functions are actually named
|     something starting with __ and the normal name is an alias.  */
| #if defined (__stub_sqrt) || defined (__stub___sqrt)
| choke me
| #else
| char (*f) () = sqrt;
| #endif
| #ifdef __cplusplus
| }
| #endif
| 
| int
| main ()
| {
| return f != sqrt;
|   ;
|   return 0;
| }
configure:5315: result: no
configure:5227: checking for strchr
configure:5284: gcc -o conftest -g -O2   conftest.c  >&5
conftest.c:78: warning: conflicting types for built-in function `strchr'
configure:5290: $? = 0
configure:5294: test -z 
			 || test ! -s conftest.err
configure:5297: $? = 0
configure:5300: test -s conftest
configure:5303: $? = 0
configure:5315: result: yes
configure:5227: checking for strstr
configure:5284: gcc -o conftest -g -O2   conftest.c  >&5
conftest.c:79: warning: conflicting types for built-in function `strstr'
configure:5290: $? = 0
configure:5294: test -z 
			 || test ! -s conftest.err
configure:5297: $? = 0
configure:5300: test -s conftest
configure:5303: $? = 0
configure:5315: result: yes
configure:5445: creating ./config.status

## ---------------- ##
## Cache variables. ##
## ---------------- ##

ac_cv_c_compiler_gnu=yes
ac_cv_c_const=yes
ac_cv_env_CC_set=
ac_cv_env_CC_value=
ac_cv_env_CFLAGS_set=
ac_cv_env_CFLAGS_value=
ac_cv_env_CPPFLAGS_set=
ac_cv_env_CPPFLAGS_value=
ac_cv_env_CPP_set=
ac_cv_env_CPP_value=
ac_cv_env_LDFLAGS_set=
ac_cv_env_LDFLAGS_value=
ac_cv_env_build_alias_set=
ac_cv_env_build_alias_value=
ac_cv_env_host_alias_set=
ac_cv_env_host_alias_value=
ac_cv_env_target_alias_set=
ac_cv_env_target_alias_value=
ac_cv_exeext=
ac_cv_func_alarm=yes
ac_cv_func_bzero=yes
ac_cv_func_fork=yes
ac_cv_func_fork_works=yes
ac_cv_func_gethostbyaddr=yes
ac_cv_func_gettimeofday=yes
ac_cv_func_inet_ntoa=yes
ac_cv_func_malloc_0_nonnull=yes
ac_cv_func_memset=yes
ac_cv_func_select=yes
ac_cv_func_select_args='int,fd_set *,struct timeval *'
ac_cv_func_socket=yes
ac_cv_func_sqrt=no
ac_cv_func_strchr=yes
ac_cv_func_strstr=yes
ac_cv_func_vfork=yes
ac_cv_func_vfork_works=yes
ac_cv_func_wait3_rusage=yes
ac_cv_header_arpa_inet_h=yes
ac_cv_header_fcntl_h=yes
ac_cv_header_inttypes_h=yes
ac_cv_header_memory_h=yes
ac_cv_header_netdb_h=yes
ac_cv_header_netinet_in_h=yes
ac_cv_header_stdc=yes
ac_cv_header_stdint_h=yes
ac_cv_header_stdlib_h=yes
ac_cv_header_string_h=yes
ac_cv_header_strings_h=yes
ac_cv_header_sys_select_h=yes
ac_cv_header_sys_socket_h=yes
ac_cv_header_sys_stat_h=yes
ac_cv_header_sys_time_h=yes
ac_cv_header_sys_types_h=yes
ac_cv_header_sys_wait_h=yes
ac_cv_header_time=yes
ac_cv_header_unistd_h=yes
ac_cv_header_vfork_h=no
ac_cv_lib_error_at_line=yes
ac_cv_objext=o
ac_cv_path_install='/usr/bin/install -c'
ac_cv_prog_AWK=gawk
ac_cv_prog_CPP='gcc -E'
ac_cv_prog_GCJ=javac
ac_cv_prog_ac_ct_CC=gcc
ac_cv_prog_cc_g=yes
ac_cv_prog_cc_stdc=
ac_cv_prog_egrep='grep -E'
ac_cv_prog_make_make_set=yes
ac_cv_type_pid_t=yes
ac_cv_type_signal=void
am_cv_CC_dependencies_compiler_type=gcc3
am_cv_GCJ_dependencies_compiler_type=none

## ----------------- ##
## Output variables. ##
## ----------------- ##

ACLOCAL='${SHELL} /home/rcarlson/ndt/config/missing --run aclocal-1.7'
AMDEPBACKSLASH='\'
AMDEP_FALSE='#'
AMDEP_TRUE=''
AMTAR='${SHELL} /home/rcarlson/ndt/config/missing --run tar'
AUTOCONF='${SHELL} /home/rcarlson/ndt/config/missing --run autoconf'
AUTOHEADER='${SHELL} /home/rcarlson/ndt/config/missing --run autoheader'
AUTOMAKE='${SHELL} /home/rcarlson/ndt/config/missing --run automake-1.7'
AWK='gawk'
CC='gcc'
CCDEPMODE='depmode=gcc3'
CFLAGS='-g -O2'
CPP='gcc -E'
CPPFLAGS=''
CYGPATH_W='echo'
DEFS='-DHAVE_CONFIG_H'
DEPDIR='.deps'
ECHO_C=''
ECHO_N='-n'
ECHO_T=''
EGREP='grep -E'
EXEEXT=''
GCJ='javac'
GCJDEPMODE='depmode=none'
GCJFLAGS=''
I2UTILINCS='-I${top_srcdir}/I2util '
I2UTILLDFLAGS='-L${top_srcdir}/I2util/I2util '
I2UTILLIBDEPS='${top_srcdir}/I2util/I2util/libI2util.a'
I2UTILLIBS='-L${top_srcdir}/I2util/I2util  -lI2util'
INSTALL_DATA='${INSTALL} -m 644'
INSTALL_PROGRAM='${INSTALL}'
INSTALL_SCRIPT='${INSTALL}'
INSTALL_STRIP_PROGRAM='${SHELL} $(install_sh) -c -s'
LDFLAGS=''
LIBOBJS=''
LIBS=''
LTLIBOBJS=''
MAKEINFO='${SHELL} /home/rcarlson/ndt/config/missing --run makeinfo'
NDTINCDIR='-I/usr/local/include/web100 -I/usr/include/pcap'
NDTINCS='-I$(NDTINCDIR)'
NDTJAR='jar'
NDTJARFLAG='-cf'
NDTLDFLAGS='-L$(NDTLIBDIR) -Wl,-rpath,$(NDTLIBDIR)'
NDTLIBDIR='/usr/local/lib'
NDTLIBS='-lweb100 -lpcap -lm'
OBJEXT='o'
PACKAGE='ndt'
PACKAGE_BUGREPORT='rcarlson@interent2.edu'
PACKAGE_NAME='NDT'
PACKAGE_STRING='NDT 3.0.13'
PACKAGE_TARNAME='ndt'
PACKAGE_VERSION='3.0.13'
PATH_SEPARATOR=':'
SET_MAKE=''
SHELL='/bin/sh'
STRIP=''
TOP_BUILD_DIRS='I2util '
VERSION='3.0.13'
ac_aux_dir='config'
ac_ct_CC='gcc'
ac_ct_STRIP=''
am__fastdepCC_FALSE='#'
am__fastdepCC_TRUE=''
am__fastdepGCJ_FALSE=''
am__fastdepGCJ_TRUE='#'
am__include='include'
am__leading_dot='.'
am__quote=''
bindir='${exec_prefix}/bin'
build_alias=''
datadir='${prefix}/share'
exec_prefix='${prefix}'
host_alias=''
includedir='${prefix}/include'
infodir='${prefix}/info'
install_sh='/home/rcarlson/ndt/config/install-sh'
libdir='${exec_prefix}/lib'
libexecdir='${exec_prefix}/libexec'
localstatedir='${prefix}/var'
mandir='${prefix}/man'
oldincludedir='/usr/include'
prefix='/usr/local'
program_transform_name='s,x,x,'
sbindir='${exec_prefix}/sbin'
sharedstatedir='${prefix}/com'
subdirs=' I2util'
sysconfdir='${prefix}/etc'
target_alias=''

## ----------- ##
## confdefs.h. ##
## ----------- ##

#define HAVE_ALARM 1
#define HAVE_ARPA_INET_H 1
#define HAVE_BZERO 1
#define HAVE_FCNTL_H 1
#define HAVE_FORK 1
#define HAVE_GETHOSTBYADDR 1
#define HAVE_GETTIMEOFDAY 1
#define HAVE_INET_NTOA 1
#define HAVE_INTTYPES_H 1
#define HAVE_MALLOC 1
#define HAVE_MEMORY_H 1
#define HAVE_MEMSET 1
#define HAVE_NETDB_H 1
#define HAVE_NETINET_IN_H 1
#define HAVE_SELECT 1
#define HAVE_SOCKET 1
#define HAVE_STDINT_H 1
#define HAVE_STDLIB_H 1
#define HAVE_STDLIB_H 1
#define HAVE_STDLIB_H 1
#define HAVE_STRCHR 1
#define HAVE_STRINGS_H 1
#define HAVE_STRING_H 1
#define HAVE_STRING_H 1
#define HAVE_STRSTR 1
#define HAVE_SYS_SELECT_H 1
#define HAVE_SYS_SOCKET_H 1
#define HAVE_SYS_SOCKET_H 1
#define HAVE_SYS_STAT_H 1
#define HAVE_SYS_TIME_H 1
#define HAVE_SYS_TYPES_H 1
#define HAVE_SYS_WAIT_H 1
#define HAVE_UNISTD_H 1
#define HAVE_UNISTD_H 1
#define HAVE_UNISTD_H 1
#define HAVE_VFORK 1
#define HAVE_WAIT3 1
#define HAVE_WORKING_FORK 1
#define HAVE_WORKING_VFORK 1
#define PACKAGE "ndt"
#define PACKAGE_BUGREPORT "rcarlson@interent2.edu"
#define PACKAGE_NAME "NDT"
#define PACKAGE_STRING "NDT 3.0.13"
#define PACKAGE_TARNAME "ndt"
#define PACKAGE_VERSION "3.0.13"
#define RETSIGTYPE void
#define SELECT_TYPE_ARG1 int
#define SELECT_TYPE_ARG234 (fd_set *)
#define SELECT_TYPE_ARG5 (struct timeval *)
#define STDC_HEADERS 1
#define TIME_WITH_SYS_TIME 1
#define VERSION "3.0.13"

configure: exit 0

## ---------------------- ##
## Running config.status. ##
## ---------------------- ##

This file was extended by NDT config.status 3.0.13, which was
generated by GNU Autoconf 2.58.  Invocation command line was

  CONFIG_FILES    = 
  CONFIG_HEADERS  = 
  CONFIG_LINKS    = 
  CONFIG_COMMANDS = 
  $ ./config.status Makefile

on home-ndt

config.status:707: creating Makefile

## ---------------------- ##
## Running config.status. ##
## ---------------------- ##

This file was extended by NDT config.status 3.0.13, which was
generated by GNU Autoconf 2.58.  Invocation command line was

  CONFIG_FILES    = 
  CONFIG_HEADERS  = 
  CONFIG_LINKS    = 
  CONFIG_COMMANDS = 
  $ ./config.status config.h

on home-ndt

config.status:811: creating config.h
config.status:1005: config.h is unchanged

## ---------------------- ##
## Running config.status. ##
## ---------------------- ##

This file was extended by NDT config.status 3.0.13, which was
generated by GNU Autoconf 2.58.  Invocation command line was

  CONFIG_FILES    = 
  CONFIG_HEADERS  = 
  CONFIG_LINKS    = 
  CONFIG_COMMANDS = 
  $ ./config.status src/Makefile depfiles

on home-ndt

config.status:707: creating src/Makefile
config.status:1182: executing depfiles commands

## ---------------------- ##
## Running config.status. ##
## ---------------------- ##

This file was extended by NDT config.status 3.0.13, which was
generated by GNU Autoconf 2.58.  Invocation command line was

  CONFIG_FILES    = 
  CONFIG_HEADERS  = 
  CONFIG_LINKS    = 
  CONFIG_COMMANDS = 
  $ ./config.status Admin/Makefile depfiles

on home-ndt

config.status:707: creating Admin/Makefile
config.status:1182: executing depfiles commands

## ---------------------- ##
## Running config.status. ##
## ---------------------- ##

This file was extended by NDT config.status 3.0.13, which was
generated by GNU Autoconf 2.58.  Invocation command line was

  CONFIG_FILES    = 
  CONFIG_HEADERS  = 
  CONFIG_LINKS    = 
  CONFIG_COMMANDS = 
  $ ./config.status Applet/Makefile depfiles

on home-ndt

config.status:707: creating Applet/Makefile
config.status:1182: executing depfiles commands

## ---------------------- ##
## Running config.status. ##
## ---------------------- ##

This file was extended by NDT config.status 3.0.13, which was
generated by GNU Autoconf 2.58.  Invocation command line was

  CONFIG_FILES    = 
  CONFIG_HEADERS  = 
  CONFIG_LINKS    = 
  CONFIG_COMMANDS = 
  $ ./config.status conf/Makefile

on home-ndt

config.status:707: creating conf/Makefile

## ---------------------- ##
## Running config.status. ##
## ---------------------- ##

This file was extended by NDT config.status 3.0.13, which was
generated by GNU Autoconf 2.58.  Invocation command line was

  CONFIG_FILES    = 
  CONFIG_HEADERS  = 
  CONFIG_LINKS    = 
  CONFIG_COMMANDS = 
  $ ./config.status doc/Makefile

on home-ndt

config.status:707: creating doc/Makefile
